c:\users\administrator\desktop\mycsgoesp\mycsgoesp\debug\mycsgoesp.pch
c:\users\administrator\desktop\mycsgoesp\mycsgoesp\debug\vc143.pdb
c:\users\administrator\desktop\mycsgoesp\mycsgoesp\debug\vc143.idb
c:\users\administrator\desktop\mycsgoesp\mycsgoesp\debug\pch.obj
c:\users\administrator\desktop\mycsgoesp\mycsgoesp\debug\geom.obj
c:\users\administrator\desktop\mycsgoesp\mycsgoesp\debug\dllmain.obj
c:\users\administrator\desktop\mycsgoesp\mycsgoesp\debug\hook.obj
c:\users\administrator\desktop\mycsgoesp\mycsgoesp\debug\dx.obj
c:\users\administrator\desktop\mycsgoesp\mycsgoesp\debug\draw.obj
c:\users\administrator\desktop\mycsgoesp\mycsgoesp\debug\d3d9.obj
c:\users\administrator\desktop\mycsgoesp\mycsgoesp\debug\hack.obj
c:\users\administrator\desktop\mycsgoesp\debug\mycsgoesp.dll
c:\users\administrator\desktop\mycsgoesp\mycsgoesp\debug\mycsgoesp.ilk
c:\users\administrator\desktop\mycsgoesp\debug\mycsgoesp.pdb
c:\users\administrator\desktop\mycsgoesp\mycsgoesp\debug\mycsgoesp.tlog\cl.command.1.tlog
c:\users\administrator\desktop\mycsgoesp\mycsgoesp\debug\mycsgoesp.tlog\cl.read.1.tlog
c:\users\administrator\desktop\mycsgoesp\mycsgoesp\debug\mycsgoesp.tlog\cl.write.1.tlog
c:\users\administrator\desktop\mycsgoesp\mycsgoesp\debug\mycsgoesp.tlog\link.command.1.tlog
c:\users\administrator\desktop\mycsgoesp\mycsgoesp\debug\mycsgoesp.tlog\link.read.1.tlog
c:\users\administrator\desktop\mycsgoesp\mycsgoesp\debug\mycsgoesp.tlog\link.write.1.tlog
