  dllmain.cpp
  mem.cpp
C:\Users\Administrator\Desktop\FirstInternalHack\FirstInternalHack\mem.cpp(6,6): error C2653: 'mem': is not a class or namespace name
C:\Users\Administrator\Desktop\FirstInternalHack\FirstInternalHack\mem.cpp(14,6): error C2653: 'mem': is not a class or namespace name
C:\Users\Administrator\Desktop\FirstInternalHack\FirstInternalHack\mem.cpp(24,11): error C2653: 'mem': is not a class or namespace name
C:\Users\Administrator\Desktop\FirstInternalHack\FirstInternalHack\mem.cpp(24,63): error C2039: 'vector': is not a member of 'std'
C:\Users\Administrator\Desktop\FirstInternalHack\FirstInternalHack\predefined C++ types (compiler internal)(341): message : see declaration of 'std'
C:\Users\Administrator\Desktop\FirstInternalHack\FirstInternalHack\mem.cpp(24,69): error C2061: syntax error: identifier 'vector'
C:\Users\Administrator\Desktop\FirstInternalHack\FirstInternalHack\mem.cpp(27,31): error C2065: 'offsets': undeclared identifier
C:\Users\Administrator\Desktop\FirstInternalHack\FirstInternalHack\mem.cpp(30,11): error C2065: 'offsets': undeclared identifier
C:\Users\Administrator\Desktop\FirstInternalHack\FirstInternalHack\mem.cpp(35,6): error C2653: 'mem': is not a class or namespace name
C:\Users\Administrator\Desktop\FirstInternalHack\FirstInternalHack\mem.cpp(43,6): error C2653: 'mem': is not a class or namespace name
C:\Users\Administrator\Desktop\FirstInternalHack\FirstInternalHack\mem.cpp(52,11): error C2653: 'mem': is not a class or namespace name
C:\Users\Administrator\Desktop\FirstInternalHack\FirstInternalHack\mem.cpp(52,48): error C2039: 'vector': is not a member of 'std'
C:\Users\Administrator\Desktop\FirstInternalHack\FirstInternalHack\predefined C++ types (compiler internal)(341): message : see declaration of 'std'
C:\Users\Administrator\Desktop\FirstInternalHack\FirstInternalHack\mem.cpp(52,54): error C2061: syntax error: identifier 'vector'
C:\Users\Administrator\Desktop\FirstInternalHack\FirstInternalHack\mem.cpp(55,31): error C2065: 'offsets': undeclared identifier
C:\Users\Administrator\Desktop\FirstInternalHack\FirstInternalHack\mem.cpp(58,11): error C2065: 'offsets': undeclared identifier
  proc.cpp
C:\Users\Administrator\Desktop\FirstInternalHack\FirstInternalHack\proc.cpp(56,1): fatal error C1010: unexpected end of file while looking for precompiled header. Did you forget to add '#include "pch.h"' to your source?
  stdafx.cpp
C:\Users\Administrator\Desktop\FirstInternalHack\FirstInternalHack\stdafx.cpp(9,1): fatal error C1010: unexpected end of file while looking for precompiled header. Did you forget to add '#include "pch.h"' to your source?
  Generating Code...
